#
# A fatal error has been detected by the Java Runtime Environment:
#
#  EXCEPTION_ACCESS_VIOLATION (0xc0000005) at pc=0x05f835c0, pid=1212, tid=5544
#
# JRE version: 6.0_20-b02
# Java VM: Java HotSpot(TM) Client VM (16.3-b01 mixed mode, sharing windows-x86 )
# Problematic frame:
# C  0x05f835c0
#
# If you would like to submit a bug report, please visit:
#   http://java.sun.com/webapps/bugreport/crash.jsp
# The crash happened outside the Java Virtual Machine in native code.
# See problematic frame for where to report the bug.
#

---------------  T H R E A D  ---------------

Current thread (0x01a58000):  JavaThread "thread1" [_thread_in_native, id=5544, stack(0x05ed0000,0x05f20000)]

siginfo: ExceptionCode=0xc0000005, reading address 0x05f835c0

Registers:
EAX=0x05f835c0, EBX=0x344818b8, ECX=0x01a58110, EDX=0x344b96e0
ESP=0x05f1f9bc, EBP=0x05f1f9f4, ESI=0x344818b8, EDI=0x01a58000
EIP=0x05f835c0, EFLAGS=0x00010287

Top of Stack: (sp=0x05f1f9bc)
0x05f1f9bc:   01ab9f47 01a58110 05f1f9fc 00000008
0x05f1f9cc:   00000000 23b674c0 05f1f9d4 00000000
0x05f1f9dc:   05f1fa08 344b96e0 00000000 344818b8
0x05f1f9ec:   00000000 05f1fa04 05f1fa30 01ab2e83
0x05f1f9fc:   34481d50 01ab8269 00000008 00000000
0x05f1fa0c:   23b67520 05f1fa10 3447f663 05f1fa40
0x05f1fa1c:   344b96e0 00000000 3447f6c0 05f1fa04
0x05f1fa2c:   05f1fa38 05f1fa64 01ab2da1 00000008 

Instructions: (pc=0x05f835c0)
0x05f835b0:   
[error occurred during error reporting (printing registers, top of stack, instructions near pc), id 0xc0000005]

Stack: [0x05ed0000,0x05f20000],  sp=0x05f1f9bc,  free space=13e05f1ee4ck
Native frames: (J=compiled Java code, j=interpreted, Vv=VM code, C=native code)
C  0x05f835c0
j  com.sun.jna.Memory.<init>(J)V+27
j  com.sun.jna.Structure$AutoAllocated.<init>(Lcom/sun/jna/Structure;I)V+8
j  com.sun.jna.Structure.autoAllocate(I)Lcom/sun/jna/Memory;+6
j  com.sun.jna.Structure.allocateMemory(I)V+70
j  com.sun.jna.Structure.<init>(Lcom/sun/jna/Pointer;ILcom/sun/jna/TypeMapper;)V+65
j  com.sun.jna.Structure.<init>(Lcom/sun/jna/Pointer;I)V+4
j  com.sun.jna.Structure.<init>(Lcom/sun/jna/Pointer;)V+3
j  com.sun.jna.Structure.<init>()V+5
j  cis406.Win32IdleTime$User32$LASTINPUTINFO.<init>()V+1
j  cis406.Win32IdleTime.getIdleTimeMillisWin32()I+4
j  cis406.SessionThread.run()V+4
j  java.lang.Thread.run()V+11
v  ~StubRoutines::call_stub
V  [jvm.dll+0xf049c]
V  [jvm.dll+0x17fcf1]
V  [jvm.dll+0xf0667]
V  [jvm.dll+0xf06dd]
V  [jvm.dll+0x11a2a0]
V  [jvm.dll+0x1ddb14]
V  [jvm.dll+0x17f96c]
C  [msvcr71.dll+0x9565]
C  [kernel32.dll+0x51174]
C  [ntdll.dll+0x5b3f5]
C  [ntdll.dll+0x5b3c8]

Java frames: (J=compiled Java code, j=interpreted, Vv=VM code)
j  com.sun.jna.Memory.malloc(J)J+0
j  com.sun.jna.Memory.<init>(J)V+27
j  com.sun.jna.Structure$AutoAllocated.<init>(Lcom/sun/jna/Structure;I)V+8
j  com.sun.jna.Structure.autoAllocate(I)Lcom/sun/jna/Memory;+6
j  com.sun.jna.Structure.allocateMemory(I)V+70
j  com.sun.jna.Structure.<init>(Lcom/sun/jna/Pointer;ILcom/sun/jna/TypeMapper;)V+65
j  com.sun.jna.Structure.<init>(Lcom/sun/jna/Pointer;I)V+4
j  com.sun.jna.Structure.<init>(Lcom/sun/jna/Pointer;)V+3
j  com.sun.jna.Structure.<init>()V+5
j  cis406.Win32IdleTime$User32$LASTINPUTINFO.<init>()V+1
j  cis406.Win32IdleTime.getIdleTimeMillisWin32()I+4
j  cis406.SessionThread.run()V+4
j  java.lang.Thread.run()V+11
v  ~StubRoutines::call_stub

---------------  P R O C E S S  ---------------

Java Threads: ( => current thread )
  0x01a57800 JavaThread "Thread-1" daemon [_thread_in_native, id=3456, stack(0x05000000,0x05050000)]
=>0x01a58000 JavaThread "thread1" [_thread_in_native, id=5544, stack(0x05ed0000,0x05f20000)]
  0x03f91400 JavaThread "derby.rawStoreDaemon" daemon [_thread_blocked, id=4636, stack(0x04ab0000,0x04b00000)]
  0x040acc00 JavaThread "Timer-0" daemon [_thread_blocked, id=5704, stack(0x04a60000,0x04ab0000)]
  0x03f90c00 JavaThread "derby.antiGC" daemon [_thread_blocked, id=4672, stack(0x04850000,0x048a0000)]
  0x03f7dc00 JavaThread "TimerQueue" daemon [_thread_blocked, id=5648, stack(0x04960000,0x049b0000)]
  0x003c9000 JavaThread "DestroyJavaVM" [_thread_blocked, id=1940, stack(0x01960000,0x019b0000)]
  0x03ed6400 JavaThread "AWT-EventQueue-0" [_thread_blocked, id=3488, stack(0x043f0000,0x04440000)]
  0x03ed5800 JavaThread "AWT-Shutdown" [_thread_blocked, id=5180, stack(0x04350000,0x043a0000)]
  0x03ed3000 JavaThread "Java2D Disposer" daemon [_thread_blocked, id=4744, stack(0x04300000,0x04350000)]
  0x01a30800 JavaThread "Low Memory Detector" daemon [_thread_blocked, id=3348, stack(0x03e20000,0x03e70000)]
  0x01a2b000 JavaThread "CompilerThread0" daemon [_thread_blocked, id=4840, stack(0x03dd0000,0x03e20000)]
  0x01a29c00 JavaThread "Attach Listener" daemon [_thread_blocked, id=5464, stack(0x03d80000,0x03dd0000)]
  0x01a26400 JavaThread "Signal Dispatcher" daemon [_thread_blocked, id=3196, stack(0x03d30000,0x03d80000)]
  0x019e2c00 JavaThread "Finalizer" daemon [_thread_blocked, id=5500, stack(0x03ce0000,0x03d30000)]
  0x019e1800 JavaThread "Reference Handler" daemon [_thread_blocked, id=112, stack(0x03c90000,0x03ce0000)]

Other Threads:
  0x019e0400 VMThread [stack: 0x03c40000,0x03c90000] [id=3408]
  0x01a32000 WatcherThread [stack: 0x03e70000,0x03ec0000] [id=4696]

VM state:not at safepoint (normal execution)

VM Mutex/Monitor currently owned by a thread: None

Heap
 def new generation   total 4928K, used 1021K [0x23ae0000, 0x24030000, 0x29030000)
  eden space 4416K,  12% used [0x23ae0000, 0x23b6a840, 0x23f30000)
  from space 512K,  91% used [0x23f30000, 0x23fa4d98, 0x23fb0000)
  to   space 512K,   0% used [0x23fb0000, 0x23fb0000, 0x24030000)
 tenured generation   total 10944K, used 6265K [0x29030000, 0x29ae0000, 0x33ae0000)
   the space 10944K,  57% used [0x29030000, 0x2964e7b8, 0x2964e800, 0x29ae0000)
 compacting perm gen  total 12288K, used 10305K [0x33ae0000, 0x346e0000, 0x37ae0000)
   the space 12288K,  83% used [0x33ae0000, 0x344f05b8, 0x344f0600, 0x346e0000)
    ro space 10240K,  54% used [0x37ae0000, 0x3805b760, 0x3805b800, 0x384e0000)
    rw space 12288K,  55% used [0x384e0000, 0x38b7f798, 0x38b7f800, 0x390e0000)

Dynamic libraries:
0x00400000 - 0x00424000 	C:\Program Files\Java\jdk1.6.0_20\jre\bin\java.exe
0x779f0000 - 0x77b2c000 	C:\Windows\SYSTEM32\ntdll.dll
0x75ff0000 - 0x760c4000 	C:\Windows\system32\kernel32.dll
0x75da0000 - 0x75dea000 	C:\Windows\system32\KERNELBASE.dll
0x76140000 - 0x761e0000 	C:\Windows\system32\ADVAPI32.dll
0x77510000 - 0x775bc000 	C:\Windows\system32\msvcrt.dll
0x77c00000 - 0x77c19000 	C:\Windows\SYSTEM32\sechost.dll
0x75f40000 - 0x75fe1000 	C:\Windows\system32\RPCRT4.dll
0x7c340000 - 0x7c396000 	C:\Program Files\Java\jdk1.6.0_20\jre\bin\msvcr71.dll
0x6d8b0000 - 0x6db47000 	C:\Program Files\Java\jdk1.6.0_20\jre\bin\client\jvm.dll
0x761e0000 - 0x762a9000 	C:\Windows\system32\USER32.dll
0x760e0000 - 0x7612e000 	C:\Windows\system32\GDI32.dll
0x772e0000 - 0x772ea000 	C:\Windows\system32\LPK.dll
0x77b60000 - 0x77bfd000 	C:\Windows\system32\USP10.dll
0x70f20000 - 0x70f52000 	C:\Windows\system32\WINMM.dll
0x771b0000 - 0x771cf000 	C:\Windows\system32\IMM32.DLL
0x771d0000 - 0x7729c000 	C:\Windows\system32\MSCTF.dll
0x75a70000 - 0x75abb000 	C:\Windows\system32\apphelp.dll
0x6d860000 - 0x6d86c000 	C:\Program Files\Java\jdk1.6.0_20\jre\bin\verify.dll
0x6d3e0000 - 0x6d3ff000 	C:\Program Files\Java\jdk1.6.0_20\jre\bin\java.dll
0x6d340000 - 0x6d348000 	C:\Program Files\Java\jdk1.6.0_20\jre\bin\hpi.dll
0x760d0000 - 0x760d5000 	C:\Windows\system32\PSAPI.DLL
0x6d8a0000 - 0x6d8af000 	C:\Program Files\Java\jdk1.6.0_20\jre\bin\zip.dll
0x6d0b0000 - 0x6d1fa000 	C:\Program Files\Java\jdk1.6.0_20\jre\bin\awt.dll
0x70df0000 - 0x70e41000 	C:\Windows\system32\WINSPOOL.DRV
0x76ff0000 - 0x7714c000 	C:\Windows\system32\ole32.dll
0x74ad0000 - 0x74c6e000 	C:\Windows\WinSxS\x86_microsoft.windows.common-controls_6595b64144ccf1df_6.0.7600.16385_none_421189da2b7fabfc\COMCTL32.dll
0x775c0000 - 0x77617000 	C:\Windows\system32\SHLWAPI.dll
0x74490000 - 0x744a3000 	C:\Windows\system32\DWMAPI.DLL
0x74a90000 - 0x74ad0000 	C:\Windows\system32\uxtheme.dll
0x75ac0000 - 0x75acc000 	C:\Windows\system32\CRYPTBASE.dll
0x762b0000 - 0x76ef9000 	C:\Windows\system32\shell32.dll
0x6d2e0000 - 0x6d334000 	C:\Program Files\Java\jdk1.6.0_20\jre\bin\fontmanager.dll
0x6d6c0000 - 0x6d6d3000 	C:\Program Files\Java\jdk1.6.0_20\jre\bin\net.dll
0x772a0000 - 0x772d5000 	C:\Windows\system32\WS2_32.dll
0x76fe0000 - 0x76fe6000 	C:\Windows\system32\NSI.dll
0x755b0000 - 0x755ec000 	C:\Windows\system32\mswsock.dll
0x755a0000 - 0x755a6000 	C:\Windows\System32\wship6.dll
0x6d6e0000 - 0x6d6e9000 	C:\Program Files\Java\jdk1.6.0_20\jre\bin\nio.dll
0x76f00000 - 0x76f8f000 	C:\Windows\system32\OLEAUT32.DLL
0x10000000 - 0x10048000 	C:\Program Files\Elantech\ETDApix.dll
0x75040000 - 0x75049000 	C:\Windows\system32\VERSION.dll
0x6d610000 - 0x6d619000 	C:\Program Files\Java\jdk1.6.0_20\jre\bin\management.dll
0x77760000 - 0x777e3000 	C:\Windows\system32\CLBCatQ.DLL
0x74930000 - 0x74a25000 	C:\Windows\system32\propsys.dll
0x74150000 - 0x74171000 	C:\Windows\system32\ntmarta.dll
0x76f90000 - 0x76fd5000 	C:\Windows\system32\WLDAP32.dll
0x77370000 - 0x7750d000 	C:\Windows\system32\SETUPAPI.dll
0x75e10000 - 0x75e37000 	C:\Windows\system32\CFGMGR32.dll
0x75df0000 - 0x75e02000 	C:\Windows\system32\DEVOBJ.dll
0x75b40000 - 0x75b4b000 	C:\Windows\system32\profapi.dll
0x73ea0000 - 0x73eaa000 	C:\Windows\system32\slc.dll
0x74340000 - 0x7443b000 	C:\Windows\system32\WindowsCodecs.dll
0x05250000 - 0x05267000 	C:\Users\qwerty\AppData\Roaming\Dropbox\bin\DropboxExt.13.dll
0x70fd0000 - 0x710bb000 	C:\Windows\system32\dbghelp.dll
0x7c3a0000 - 0x7c41b000 	C:\Users\qwerty\AppData\Roaming\Dropbox\bin\MSVCP71.dll
0x70a90000 - 0x70ac1000 	C:\Windows\system32\EhStorShell.dll
0x70a20000 - 0x70a8a000 	C:\Windows\System32\cscui.dll
0x70a10000 - 0x70a19000 	C:\Windows\System32\CSCDLL.dll
0x70a00000 - 0x70a0b000 	C:\Windows\system32\CSCAPI.dll
0x70990000 - 0x709ff000 	C:\Windows\system32\ntshrui.dll
0x75720000 - 0x75739000 	C:\Windows\system32\srvcli.dll
0x732e0000 - 0x732f2000 	C:\Windows\system32\MPR.dll
0x65cf0000 - 0x65cf8000 	C:\Windows\System32\drprov.dll
0x75230000 - 0x75259000 	C:\Windows\System32\WINSTA.dll
0x65cd0000 - 0x65ce4000 	C:\Windows\System32\ntlanman.dll
0x65cb0000 - 0x65cc6000 	C:\Windows\System32\davclnt.dll
0x65ca0000 - 0x65ca8000 	C:\Windows\System32\DAVHLPR.dll
0x74500000 - 0x7450f000 	C:\Windows\system32\wkscli.dll
0x74510000 - 0x74519000 	C:\Windows\system32\netutils.dll
0x75ce0000 - 0x75d0d000 	C:\Windows\system32\WINTRUST.dll
0x75bc0000 - 0x75cdc000 	C:\Windows\system32\CRYPT32.dll
0x75bb0000 - 0x75bbc000 	C:\Windows\system32\MSASN1.dll
0x6f680000 - 0x6f689000 	C:\Windows\system32\LINKINFO.dll
0x75790000 - 0x75798000 	C:\Windows\system32\Secur32.dll
0x75940000 - 0x7595a000 	C:\Windows\system32\SSPICLI.DLL
0x74560000 - 0x7456f000 	C:\Windows\system32\samcli.dll
0x74a30000 - 0x74a42000 	C:\Windows\system32\SAMLIB.dll
0x755f0000 - 0x75606000 	C:\Windows\system32\CRYPTSP.dll
0x75390000 - 0x753cb000 	C:\Windows\system32\rsaenh.dll
0x751a0000 - 0x751b7000 	C:\Windows\system32\USERENV.dll
0x73f90000 - 0x73fa0000 	C:\Windows\system32\NLAapi.dll
0x75470000 - 0x754b4000 	C:\Windows\system32\DNSAPI.dll
0x6bbc0000 - 0x6bbc8000 	C:\Windows\System32\winrnr.dll
0x6bbb0000 - 0x6bbc0000 	C:\Windows\system32\napinsp.dll
0x6bb90000 - 0x6bba2000 	C:\Windows\system32\pnrpnsp.dll
0x750d0000 - 0x750d5000 	C:\Windows\System32\wshtcpip.dll
0x73da0000 - 0x73dbc000 	C:\Windows\system32\IPHLPAPI.DLL
0x73d90000 - 0x73d97000 	C:\Windows\system32\WINNSI.DLL
0x71a50000 - 0x71a56000 	C:\Windows\system32\rasadhlp.dll
0x737c0000 - 0x737f8000 	C:\Windows\System32\fwpuclnt.dll
0x75b30000 - 0x75b3e000 	C:\Windows\system32\RpcRtRemote.dll

VM Arguments:
jvm_args: -Dfile.encoding=UTF-8 
java_command: cis406.MainApp
Launcher Type: SUN_STANDARD

Environment Variables:
PATH=C:\Windows\system32;C:\Windows;C:\Windows\System32\Wbem;C:\Windows\System32\WindowsPowerShell\v1.0\;C:\Program Files\Microsoft SQL Server\80\Tools\Binn\;C:\Program Files\Microsoft SQL Server\90\DTS\Binn\;C:\Program Files\Microsoft SQL Server\90\Tools\binn\;C:\Program Files\Microsoft SQL Server\90\Tools\Binn\VSShell\Common7\IDE\;C:\Program Files\Microsoft Visual Studio 8\Common7\IDE\PrivateAssemblies\
USERNAME=qwerty
OS=Windows_NT
PROCESSOR_IDENTIFIER=x86 Family 6 Model 23 Stepping 10, GenuineIntel



---------------  S Y S T E M  ---------------

OS: Windows 7 Build 7600 

CPU:total 2 (2 cores per cpu, 1 threads per core) family 6 model 23 stepping 10, cmov, cx8, fxsr, mmx, sse, sse2, sse3, ssse3, sse4.1

Memory: 4k page, physical 3110132k(1828996k free), swap 6218500k(4785172k free)

vm_info: Java HotSpot(TM) Client VM (16.3-b01) for windows-x86 JRE (1.6.0_20-b02), built on Apr 12 2010 13:52:23 by "java_re" with MS VC++ 7.1 (VS2003)

time: Thu May 13 18:36:47 2010
elapsed time: 13 seconds

